mode: set
github.com/bfibraga/turntide/fetcher/internal/images/providers/scryfall.go:47.111,54.2 1 1
github.com/bfibraga/turntide/fetcher/internal/images/providers/scryfall.go:57.118,58.41 1 1
github.com/bfibraga/turntide/fetcher/internal/images/providers/scryfall.go:58.41,60.17 2 1
github.com/bfibraga/turntide/fetcher/internal/images/providers/scryfall.go:60.17,62.4 1 0
github.com/bfibraga/turntide/fetcher/internal/images/providers/scryfall.go:63.3,67.30 3 1
github.com/bfibraga/turntide/fetcher/internal/images/providers/scryfall.go:67.30,69.18 2 1
github.com/bfibraga/turntide/fetcher/internal/images/providers/scryfall.go:69.18,71.5 1 0
github.com/bfibraga/turntide/fetcher/internal/images/providers/scryfall.go:73.4,73.23 1 1
github.com/bfibraga/turntide/fetcher/internal/images/providers/scryfall.go:73.23,75.13 2 0
github.com/bfibraga/turntide/fetcher/internal/images/providers/scryfall.go:79.4,82.46 3 1
github.com/bfibraga/turntide/fetcher/internal/images/providers/scryfall.go:85.3,85.13 1 1
github.com/bfibraga/turntide/fetcher/internal/images/providers/scryfall.go:90.87,102.16 4 1
github.com/bfibraga/turntide/fetcher/internal/images/providers/scryfall.go:102.16,103.27 1 0
github.com/bfibraga/turntide/fetcher/internal/images/providers/scryfall.go:103.27,105.4 1 0
github.com/bfibraga/turntide/fetcher/internal/images/providers/scryfall.go:106.3,106.18 1 0
github.com/bfibraga/turntide/fetcher/internal/images/providers/scryfall.go:109.2,114.8 1 1
github.com/bfibraga/turntide/fetcher/internal/images/providers/scryfall.go:118.69,121.2 1 1
github.com/bfibraga/turntide/fetcher/internal/images/providers/scryfall.go:124.71,125.41 1 1
github.com/bfibraga/turntide/fetcher/internal/images/providers/scryfall.go:125.41,126.54 1 1
github.com/bfibraga/turntide/fetcher/internal/images/providers/scryfall.go:126.54,128.4 1 0
github.com/bfibraga/turntide/fetcher/internal/images/providers/scryfall.go:130.3,130.39 1 1
github.com/bfibraga/turntide/fetcher/internal/images/providers/scryfall.go:130.39,134.18 3 1
github.com/bfibraga/turntide/fetcher/internal/images/providers/scryfall.go:134.18,136.13 2 0
github.com/bfibraga/turntide/fetcher/internal/images/providers/scryfall.go:139.4,139.40 1 1
github.com/bfibraga/turntide/fetcher/internal/images/providers/scryfall.go:139.40,143.13 4 0
github.com/bfibraga/turntide/fetcher/internal/images/providers/scryfall.go:147.4,148.75 2 1
github.com/bfibraga/turntide/fetcher/internal/images/providers/scryfall.go:148.75,151.13 3 0
github.com/bfibraga/turntide/fetcher/internal/images/providers/scryfall.go:153.4,157.22 3 1
github.com/bfibraga/turntide/fetcher/internal/images/providers/scryfall.go:157.22,159.13 2 0
github.com/bfibraga/turntide/fetcher/internal/images/providers/scryfall.go:163.4,163.80 1 1
github.com/bfibraga/turntide/fetcher/internal/images/providers/scryfall.go:163.80,165.13 2 0
github.com/bfibraga/turntide/fetcher/internal/images/providers/scryfall.go:168.4,168.72 1 1
github.com/bfibraga/turntide/fetcher/internal/images/providers/scryfall.go:171.3,171.13 1 1
github.com/bfibraga/turntide/fetcher/internal/images/providers/scryfall.go:176.54,178.52 1 1
github.com/bfibraga/turntide/fetcher/internal/images/providers/scryfall.go:178.52,180.3 1 1
github.com/bfibraga/turntide/fetcher/internal/images/providers/scryfall.go:181.2,181.53 1 1
github.com/bfibraga/turntide/fetcher/internal/images/providers/scryfall.go:181.53,183.3 1 1
github.com/bfibraga/turntide/fetcher/internal/images/providers/scryfall.go:184.2,184.52 1 1
github.com/bfibraga/turntide/fetcher/internal/images/providers/scryfall.go:184.52,186.3 1 1
github.com/bfibraga/turntide/fetcher/internal/images/providers/scryfall.go:187.2,187.11 1 1
github.com/bfibraga/turntide/fetcher/internal/images/providers/scryfall.go:191.110,193.16 2 1
github.com/bfibraga/turntide/fetcher/internal/images/providers/scryfall.go:193.16,195.3 1 0
github.com/bfibraga/turntide/fetcher/internal/images/providers/scryfall.go:196.2,198.38 2 1
github.com/bfibraga/turntide/fetcher/internal/images/providers/scryfall.go:198.38,200.3 1 0
github.com/bfibraga/turntide/fetcher/internal/images/providers/scryfall.go:203.2,204.40 2 1
github.com/bfibraga/turntide/fetcher/internal/images/providers/scryfall.go:204.40,206.3 1 1
github.com/bfibraga/turntide/fetcher/internal/images/providers/scryfall.go:206.8,206.48 1 0
github.com/bfibraga/turntide/fetcher/internal/images/providers/scryfall.go:206.48,208.3 1 0
github.com/bfibraga/turntide/fetcher/internal/images/providers/scryfall.go:211.2,221.16 4 1
github.com/bfibraga/turntide/fetcher/internal/images/providers/scryfall.go:221.16,223.3 1 0
github.com/bfibraga/turntide/fetcher/internal/images/providers/scryfall.go:224.2,227.12 3 1
github.com/bfibraga/turntide/fetcher/internal/images/providers/scryfall.go:231.43,245.2 2 1
github.com/bfibraga/turntide/fetcher/internal/images/providers/scryfall.go:248.83,250.16 2 1
github.com/bfibraga/turntide/fetcher/internal/images/providers/scryfall.go:250.16,251.13 1 0
github.com/bfibraga/turntide/fetcher/internal/images/providers/scryfall.go:254.2,256.12 3 1
